<?xml version="1.0" encoding="UTF-8"?>
<testng-results ignored="0" total="1" passed="1" failed="0" skipped="0">
  <reporter-output>
  </reporter-output>
  <suite started-at="2022-10-21T20:56:48 ART" name="Default suite" finished-at="2022-10-21T20:56:53 ART" duration-ms="4811">
    <groups>
    </groups>
    <test started-at="2022-10-21T20:56:48 ART" name="Default test" finished-at="2022-10-21T20:56:53 ART" duration-ms="4811">
      <class name="edit.CeducacionIT21092022.laboratorio14">
        <test-method is-config="true" signature="setUp()[pri:0, instance:edit.CeducacionIT21092022.laboratorio14@f09733f]" started-at="2022-10-21T20:56:48 ART" name="setUp" finished-at="2022-10-21T20:56:53 ART" duration-ms="4777" status="PASS">
          <reporter-output>
          </reporter-output>
        </test-method> <!-- setUp -->
        <test-method signature="test()[pri:0, instance:edit.CeducacionIT21092022.laboratorio14@f09733f]" started-at="2022-10-21T20:56:53 ART" name="test" finished-at="2022-10-21T20:56:53 ART" duration-ms="6" status="PASS">
          <reporter-output>
          </reporter-output>
        </test-method> <!-- test -->
      </class> <!-- edit.CeducacionIT21092022.laboratorio14 -->
    </test> <!-- Default test -->
  </suite> <!-- Default suite -->
</testng-results>
